# JRE version: OpenJDK Runtime Environment (21.0.9) (build 21.0.9+-14649483-b1163.86)
# Java VM: OpenJDK 64-Bit Server VM (21.0.9+-14649483-b1163.86, mixed mode, tiered, compressed oops, compressed class ptrs, g1 gc, windows-amd64)
GC Precious Log:
 CardTable entry size: 512
 Card Set container configuration: InlinePtr #cards 5 size 8 Array Of Cards #cards 12 size 40 Howl #buckets 4 coarsen threshold 1843 Howl Bitmap #cards 512 size 80 coarsen threshold 460 Card regions per heap region 1 cards per card region 2048
 CPUs: 8 total, 8 available
 Memory: 6081M
 Large Page Support: Disabled
 NUMA Support: Disabled
 Compressed Oops: Enabled (32-bit)
 Heap Region Size: 1M
 Heap Min Capacity: 8M
 Heap Initial Capacity: 96M
 Heap Max Capacity: 2G
 Pre-touch: Disabled
 Parallel Workers: 8
 Concurrent Workers: 2
 Concurrent Refinement Workers: 8
 Periodic GC: Disabled
Heap:
 garbage-first heap   total 87040K, used 78545K [0x0000000080000000, 0x0000000100000000)
  region size 1024K, 43 young (44032K), 3 survivors (3072K)
 Metaspace       used 55667K, committed 57280K, reserved 1114112K
  class space    used 7852K, committed 8640K, reserved 1048576K
GC Heap History (20 events):
Event: 2.881 GC heap after
{Heap after GC invocations=2 (full 0):
 garbage-first heap   total 98304K, used 11254K [0x0000000080000000, 0x0000000100000000)
  region size 1024K, 5 young (5120K), 5 survivors (5120K)
 Metaspace       used 11872K, committed 12032K, reserved 1114112K
  class space    used 1284K, committed 1344K, reserved 1048576K
}
Event: 3.496 GC heap before
{Heap before GC invocations=2 (full 0):
 garbage-first heap   total 98304K, used 64502K [0x0000000080000000, 0x0000000100000000)
  region size 1024K, 57 young (58368K), 5 survivors (5120K)
 Metaspace       used 12819K, committed 12992K, reserved 1114112K
  class space    used 1405K, committed 1472K, reserved 1048576K
}
Event: 3.505 GC heap after
{Heap after GC invocations=3 (full 0):
 garbage-first heap   total 98304K, used 12427K [0x0000000080000000, 0x0000000100000000)
  region size 1024K, 1 young (1024K), 1 survivors (1024K)
 Metaspace       used 12819K, committed 12992K, reserved 1114112K
  class space    used 1405K, committed 1472K, reserved 1048576K
}
Event: 4.553 GC heap before
{Heap before GC invocations=3 (full 0):
 garbage-first heap   total 98304K, used 71819K [0x0000000080000000, 0x0000000100000000)
  region size 1024K, 57 young (58368K), 1 survivors (1024K)
 Metaspace       used 12936K, committed 13120K, reserved 1114112K
  class space    used 1405K, committed 1472K, reserved 1048576K
}
Event: 4.560 GC heap after
{Heap after GC invocations=4 (full 0):
 garbage-first heap   total 98304K, used 17004K [0x0000000080000000, 0x0000000100000000)
  region size 1024K, 5 young (5120K), 5 survivors (5120K)
 Metaspace       used 12936K, committed 13120K, reserved 1114112K
  class space    used 1405K, committed 1472K, reserved 1048576K
}
Event: 5.885 GC heap before
{Heap before GC invocations=4 (full 0):
 garbage-first heap   total 98304K, used 53868K [0x0000000080000000, 0x0000000100000000)
  region size 1024K, 43 young (44032K), 5 survivors (5120K)
 Metaspace       used 21207K, committed 21504K, reserved 1114112K
  class space    used 2480K, committed 2624K, reserved 1048576K
}
Event: 5.891 GC heap after
{Heap after GC invocations=5 (full 0):
 garbage-first heap   total 98304K, used 21023K [0x0000000080000000, 0x0000000100000000)
  region size 1024K, 8 young (8192K), 8 survivors (8192K)
 Metaspace       used 21207K, committed 21504K, reserved 1114112K
  class space    used 2480K, committed 2624K, reserved 1048576K
}
Event: 6.992 GC heap before
{Heap before GC invocations=6 (full 0):
 garbage-first heap   total 71680K, used 54815K [0x0000000080000000, 0x0000000100000000)
  region size 1024K, 42 young (43008K), 8 survivors (8192K)
 Metaspace       used 27313K, committed 27712K, reserved 1114112K
  class space    used 3417K, committed 3584K, reserved 1048576K
}
Event: 7.003 GC heap after
{Heap after GC invocations=7 (full 0):
 garbage-first heap   total 71680K, used 23483K [0x0000000080000000, 0x0000000100000000)
  region size 1024K, 3 young (3072K), 3 survivors (3072K)
 Metaspace       used 27313K, committed 27712K, reserved 1114112K
  class space    used 3417K, committed 3584K, reserved 1048576K
}
Event: 8.566 GC heap before
{Heap before GC invocations=7 (full 0):
 garbage-first heap   total 71680K, used 60347K [0x0000000080000000, 0x0000000100000000)
  region size 1024K, 38 young (38912K), 3 survivors (3072K)
 Metaspace       used 32816K, committed 33472K, reserved 1114112K
  class space    used 4243K, committed 4544K, reserved 1048576K
}
Event: 8.572 GC heap after
{Heap after GC invocations=8 (full 0):
 garbage-first heap   total 71680K, used 25572K [0x0000000080000000, 0x0000000100000000)
  region size 1024K, 4 young (4096K), 4 survivors (4096K)
 Metaspace       used 32816K, committed 33472K, reserved 1114112K
  class space    used 4243K, committed 4544K, reserved 1048576K
}
Event: 9.054 GC heap before
{Heap before GC invocations=8 (full 0):
 garbage-first heap   total 71680K, used 42980K [0x0000000080000000, 0x0000000100000000)
  region size 1024K, 22 young (22528K), 4 survivors (4096K)
 Metaspace       used 35301K, committed 35968K, reserved 1114112K
  class space    used 4632K, committed 4928K, reserved 1048576K
}
Event: 9.059 GC heap after
{Heap after GC invocations=9 (full 0):
 garbage-first heap   total 71680K, used 27025K [0x0000000080000000, 0x0000000100000000)
  region size 1024K, 4 young (4096K), 4 survivors (4096K)
 Metaspace       used 35301K, committed 35968K, reserved 1114112K
  class space    used 4632K, committed 4928K, reserved 1048576K
}
Event: 9.942 GC heap before
{Heap before GC invocations=10 (full 0):
 garbage-first heap   total 71680K, used 61841K [0x0000000080000000, 0x0000000100000000)
  region size 1024K, 38 young (38912K), 4 survivors (4096K)
 Metaspace       used 39934K, committed 40960K, reserved 1114112K
  class space    used 5454K, committed 5952K, reserved 1048576K
}
Event: 9.948 GC heap after
{Heap after GC invocations=11 (full 0):
 garbage-first heap   total 86016K, used 28604K [0x0000000080000000, 0x0000000100000000)
  region size 1024K, 4 young (4096K), 4 survivors (4096K)
 Metaspace       used 39934K, committed 40960K, reserved 1114112K
  class space    used 5454K, committed 5952K, reserved 1048576K
}
Event: 10.971 GC heap before
{Heap before GC invocations=11 (full 0):
 garbage-first heap   total 86016K, used 73660K [0x0000000080000000, 0x0000000100000000)
  region size 1024K, 49 young (50176K), 4 survivors (4096K)
 Metaspace       used 46697K, committed 48000K, reserved 1114112K
  class space    used 6472K, committed 7104K, reserved 1048576K
}
Event: 10.978 GC heap after
{Heap after GC invocations=12 (full 0):
 garbage-first heap   total 86016K, used 31053K [0x0000000080000000, 0x0000000100000000)
  region size 1024K, 6 young (6144K), 6 survivors (6144K)
 Metaspace       used 46697K, committed 48000K, reserved 1114112K
  class space    used 6472K, committed 7104K, reserved 1048576K
}
Event: 12.667 GC heap before
{Heap before GC invocations=12 (full 0):
 garbage-first heap   total 86016K, used 76109K [0x0000000080000000, 0x0000000100000000)
  region size 1024K, 50 young (51200K), 6 survivors (6144K)
 Metaspace       used 52843K, committed 54336K, reserved 1114112K
  class space    used 7392K, committed 8064K, reserved 1048576K
}
Event: 12.680 GC heap after
{Heap after GC invocations=13 (full 0):
 garbage-first heap   total 87040K, used 35537K [0x0000000080000000, 0x0000000100000000)
  region size 1024K, 7 young (7168K), 7 survivors (7168K)
 Metaspace       used 52843K, committed 54336K, reserved 1114112K
  class space    used 7392K, committed 8064K, reserved 1048576K
}
Event: 14.153 GC heap before
{Heap before GC invocations=13 (full 0):
 garbage-first heap   total 87040K, used 78545K [0x0000000080000000, 0x0000000100000000)
  region size 1024K, 47 young (48128K), 7 survivors (7168K)
 Metaspace       used 55667K, committed 57280K, reserved 1114112K
  class space    used 7852K, committed 8640K, reserved 1048576K
}

